#
# There is insufficient memory for the Java Runtime Environment to continue.
# Native memory allocation (mmap) failed to map 100663296 bytes for Failed to commit area from 0x00000000a1000000 to 0x00000000a7000000 of length 100663296.
# Possible reasons:
#   The system is out of physical RAM or swap space
#   The process is running with CompressedOops enabled, and the Java Heap may be blocking the growth of the native heap
# Possible solutions:
#   Reduce memory load on the system
#   Increase physical memory or swap space
#   Check if swap backing store is full
#   Decrease Java heap size (-Xmx/-Xms)
#   Decrease number of Java threads
#   Decrease Java thread stack sizes (-Xss)
#   Set larger code cache with -XX:ReservedCodeCacheSize=
# This output file may be truncated or incomplete.
#
#  Out of Memory Error (./open/src/hotspot/os/windows/os_windows.cpp:3283), pid=5268, tid=9636
#
# JRE version:  (11.0.17+10) (build )
# Java VM: Java HotSpot(TM) 64-Bit Server VM (11.0.17+10-LTS-269, mixed mode, sharing, tiered, compressed oops, g1 gc, windows-amd64)
# No core dump will be written. Minidumps are not enabled by default on client versions of Windows
#

---------------  S U M M A R Y ------------

Command Line: -XX:TieredStopAtLevel=1 -Xverify:none -Dspring.output.ansi.enabled=always -Dcom.sun.management.jmxremote -Dspring.jmx.enabled=true -Dspring.liveBeansView.mbeanDomain -Dspring.application.admin.enabled=true -Dmanagement.endpoints.jmx.exposure.include=* -javaagent:C:\Program Files\JetBrains\IntelliJ IDEA 2022.3.1\lib\idea_rt.jar=56619:C:\Program Files\JetBrains\IntelliJ IDEA 2022.3.1\bin -Dfile.encoding=UTF-8 com.security.securityproject.SecurityprojectApplication

Host: AMD Athlon 200GE with Radeon Vega Graphics     , 4 cores, 5G,  Windows 10 , 64 bit Build 19041 (10.0.19041.2913)
Time: Fri May 12 20:53:29 2023 SA Pacific Standard Time elapsed time: 0.151588 seconds (0d 0h 0m 0s)

---------------  T H R E A D  ---------------

Current thread (0x000001ccffa0b000):  JavaThread "Unknown thread" [_thread_in_vm, id=9636, stack(0x0000002416f00000,0x0000002417000000)]

Stack: [0x0000002416f00000,0x0000002417000000]
Native frames: (J=compiled Java code, j=interpreted, Vv=VM code, C=native code)
V  [jvm.dll+0x62b5da]
V  [jvm.dll+0x7653df]
V  [jvm.dll+0x766a89]
V  [jvm.dll+0x767113]
V  [jvm.dll+0x23dd28]
V  [jvm.dll+0x62896a]
V  [jvm.dll+0x61d625]
V  [jvm.dll+0x2f2d3c]
V  [jvm.dll+0x2f2bc2]
V  [jvm.dll+0x2f78e6]
V  [jvm.dll+0x33a2df]
V  [jvm.dll+0x339d10]
V  [jvm.dll+0x2d0368]
V  [jvm.dll+0x2d14d6]
V  [jvm.dll+0x73f9a7]
V  [jvm.dll+0x74123f]
V  [jvm.dll+0x347039]
V  [jvm.dll+0x725280]
V  [jvm.dll+0x3b5c1f]
V  [jvm.dll+0x3b7d31]
C  [jli.dll+0x5207]
C  [ucrtbase.dll+0x21bb2]
C  [KERNEL32.DLL+0x17614]
C  [ntdll.dll+0x526a1]


---------------  P R O C E S S  ---------------

Threads class SMR info:
_java_thread_list=0x000001ccff540c70, length=0, elements={
}

Java Threads: ( => current thread )

Other Threads:
  0x000001ccffa20800 GCTaskThread "GC Thread#0" [stack: 0x0000002417000000,0x0000002417100000] [id=8080]
  0x000001ccffa46000 ConcurrentGCThread "G1 Main Marker" [stack: 0x0000002417100000,0x0000002417200000] [id=11052]
  0x000001ccffa47800 ConcurrentGCThread "G1 Conc#0" [stack: 0x0000002417200000,0x0000002417300000] [id=12384]

[error occurred during error reporting (printing all threads), id 0xc0000005, EXCEPTION_ACCESS_VIOLATION (0xc0000005) at pc=0x00007ff97790f5f7]

VM state:not at safepoint (not fully initialized)

VM Mutex/Monitor currently owned by a thread:  ([mutex/lock_event])
[0x000001ccffa07060] Heap_lock - owner thread: 0x000001ccffa0b000

Heap address: 0x00000000a1000000, size: 1520 MB, Compressed Oops mode: Non-zero based: 0x00000000a1000000
Narrow klass base: 0x0000000000000000, Narrow klass shift: 0

GC Heap History (0 events):
No events

Deoptimization events (0 events):
No events

Classes redefined (0 events):
No events

Internal exceptions (0 events):
No events

Events (0 events):
No events


Dynamic libraries:
0x00007ff6b5230000 - 0x00007ff6b523f000 	C:\Program Files\Java\jdk-11.0.17\bin\java.exe
0x00007ff9b56f0000 - 0x00007ff9b58e8000 	C:\WINDOWS\SYSTEM32\ntdll.dll
0x00007ff9b44b0000 - 0x00007ff9b456f000 	C:\WINDOWS\System32\KERNEL32.DLL
0x00007ff9b2dd0000 - 0x00007ff9b30c6000 	C:\WINDOWS\System32\KERNELBASE.dll
0x00007ff9b3650000 - 0x00007ff9b3750000 	C:\WINDOWS\System32\ucrtbase.dll
0x00007ff9a4d00000 - 0x00007ff9a4d18000 	C:\Program Files\Java\jdk-11.0.17\bin\jli.dll
0x00007ff9b4b80000 - 0x00007ff9b4c2f000 	C:\WINDOWS\System32\ADVAPI32.dll
0x00007ff9b3d80000 - 0x00007ff9b3e1e000 	C:\WINDOWS\System32\msvcrt.dll
0x00007ff9b43b0000 - 0x00007ff9b444c000 	C:\WINDOWS\System32\sechost.dll
0x00007ff9b4a50000 - 0x00007ff9b4b76000 	C:\WINDOWS\System32\RPCRT4.dll
0x00007ff9a4ce0000 - 0x00007ff9a4cf5000 	C:\Program Files\Java\jdk-11.0.17\bin\VCRUNTIME140.dll
0x00007ff9b5510000 - 0x00007ff9b56ad000 	C:\WINDOWS\System32\USER32.dll
0x00007ff9b3470000 - 0x00007ff9b3492000 	C:\WINDOWS\System32\win32u.dll
0x00007ff9b42a0000 - 0x00007ff9b42cc000 	C:\WINDOWS\System32\GDI32.dll
0x00007ff9b3530000 - 0x00007ff9b3645000 	C:\WINDOWS\System32\gdi32full.dll
0x00007ff9b33a0000 - 0x00007ff9b343d000 	C:\WINDOWS\System32\msvcp_win.dll
0x00007ff985470000 - 0x00007ff98570a000 	C:\WINDOWS\WinSxS\amd64_microsoft.windows.common-controls_6595b64144ccf1df_6.0.19041.1110_none_60b5254171f9507e\COMCTL32.dll
0x00007ff9ace20000 - 0x00007ff9ace2a000 	C:\WINDOWS\SYSTEM32\VERSION.dll
0x00007ff9b46a0000 - 0x00007ff9b46d0000 	C:\WINDOWS\System32\IMM32.DLL
0x00007ff97b460000 - 0x00007ff97b4fb000 	C:\Program Files\Java\jdk-11.0.17\bin\msvcp140.dll
0x00007ff977630000 - 0x00007ff97814a000 	C:\Program Files\Java\jdk-11.0.17\bin\server\jvm.dll
0x00007ff9b4780000 - 0x00007ff9b4788000 	C:\WINDOWS\System32\PSAPI.DLL
0x00007ff99c580000 - 0x00007ff99c589000 	C:\WINDOWS\SYSTEM32\WSOCK32.dll
0x00007ff9b49e0000 - 0x00007ff9b4a4b000 	C:\WINDOWS\System32\WS2_32.dll
0x00007ff9aa540000 - 0x00007ff9aa567000 	C:\WINDOWS\SYSTEM32\WINMM.dll
0x00007ff9b0c70000 - 0x00007ff9b0c82000 	C:\WINDOWS\SYSTEM32\kernel.appcore.dll
0x00007ff99c550000 - 0x00007ff99c560000 	C:\Program Files\Java\jdk-11.0.17\bin\verify.dll
0x00007ff9abac0000 - 0x00007ff9abca4000 	C:\WINDOWS\SYSTEM32\DBGHELP.DLL
0x00007ff99dbb0000 - 0x00007ff99dbe4000 	C:\WINDOWS\SYSTEM32\dbgcore.DLL
0x00007ff9b34a0000 - 0x00007ff9b3522000 	C:\WINDOWS\System32\bcryptPrimitives.dll
0x00007ff982a70000 - 0x00007ff982a98000 	C:\Program Files\Java\jdk-11.0.17\bin\java.dll
0x00007ff988830000 - 0x00007ff98883a000 	C:\Program Files\Java\jdk-11.0.17\bin\jimage.dll
0x00007ff982b60000 - 0x00007ff982b6e000 	C:\Program Files\Java\jdk-11.0.17\bin\instrument.dll
0x00007ff984ea0000 - 0x00007ff984eb6000 	C:\Program Files\Java\jdk-11.0.17\bin\zip.dll

dbghelp: loaded successfully - version: 4.0.5 - missing functions: none
symbol engine: initialized successfully - sym options: 0x614 - pdb path: .;C:\Program Files\Java\jdk-11.0.17\bin;C:\WINDOWS\SYSTEM32;C:\WINDOWS\WinSxS\amd64_microsoft.windows.common-controls_6595b64144ccf1df_6.0.19041.1110_none_60b5254171f9507e;C:\Program Files\Java\jdk-11.0.17\bin\server

VM Arguments:
jvm_args: -XX:TieredStopAtLevel=1 -Xverify:none -Dspring.output.ansi.enabled=always -Dcom.sun.management.jmxremote -Dspring.jmx.enabled=true -Dspring.liveBeansView.mbeanDomain -Dspring.application.admin.enabled=true -Dmanagement.endpoints.jmx.exposure.include=* -javaagent:C:\Program Files\JetBrains\IntelliJ IDEA 2022.3.1\lib\idea_rt.jar=56619:C:\Program Files\JetBrains\IntelliJ IDEA 2022.3.1\bin -Dfile.encoding=UTF-8 
java_command: com.security.securityproject.SecurityprojectApplication
java_class_path (initial): C:\Users\Gederson\Desktop\Projects\securityproject\build\classes\java\main;C:\Users\Gederson\Desktop\Projects\securityproject\build\resources\main;C:\Users\Gederson\.gradle\caches\modules-2\files-2.1\org.projectlombok\lombok\1.18.26\8f8cf0372abf564913e9796623aac4c8ea44025a\lombok-1.18.26.jar;C:\Users\Gederson\.gradle\caches\modules-2\files-2.1\org.springframework.boot\spring-boot-starter-data-jpa\2.7.11\43268b1cdb2711aef4563bc3ac1d2f8936527cd9\spring-boot-starter-data-jpa-2.7.11.jar;C:\Users\Gederson\.gradle\caches\modules-2\files-2.1\org.springframework.boot\spring-boot-starter-security\2.7.11\f32f1ed9a45bb49113e1c39f34121b0b37d39d84\spring-boot-starter-security-2.7.11.jar;C:\Users\Gederson\.gradle\caches\modules-2\files-2.1\org.springframework.boot\spring-boot-starter-web\2.7.11\c23ca827c1d5cf45d70f4b5204a9b889ec5d3b24\spring-boot-starter-web-2.7.11.jar;C:\Users\Gederson\.gradle\caches\modules-2\files-2.1\org.springframework.boot\spring-boot-starter-aop\2.7.11\9b153237690b028c57f443aad49144e62dd2a8b5\spring-boot-starter-aop-2.7.11.jar;C:\Users\Gederson\.gradle\caches\modules-2\files-2.1\org.springframework.boot\spring-boot-starter-jdbc\2.7.11\b502fe4cbdf3ec3b97d8cfd093becac0225eba48\spring-boot-starter-jdbc-2.7.11.jar;C:\Users\Gederson\.gradle\caches\modules-2\files-2.1\jakarta.transaction\jakarta.transaction-api\1.3.3\c4179d48720a1e87202115fbed6089bdc4195405\jakarta.transaction-api-1.3.3.jar;C:\Users\Gederson\.gradle\caches\modules-2\files-2.1\jakarta.persistence\jakarta.persistence-api\2.2.3\8f6ea5daedc614f07a3654a455660145286f024e\jakarta.persistence-api-2.2.3.jar;C:\Users\Gederson\.gradle\caches\modules-2\files-2.1\org.hibernate\hibernate-core\5.6.15.Final\ab14b7cef1fdff654ca81923048a6034d6c7cfa7\hibernate-core-5.6.15.Final.jar;C:\Users\Gederson\.gradle\caches\modules-2\files-2.1\org.springframework.data\spring-data-jpa\2.7.11\3c97d46f1a4c664fd65b302bf0e0391cfebc0ce8\spring-data-jpa-2.7.11.jar;C:\Users\Gederson\.gradle\caches\modul
Launcher Type: SUN_STANDARD

[Global flags]
     bool BytecodeVerificationLocal                = false                                     {product} {command line}
     bool BytecodeVerificationRemote               = false                                     {product} {command line}
     intx CICompilerCount                          = 3                                         {product} {ergonomic}
     uint ConcGCThreads                            = 1                                         {product} {ergonomic}
     uint G1ConcRefinementThreads                  = 4                                         {product} {ergonomic}
   size_t G1HeapRegionSize                         = 1048576                                   {product} {ergonomic}
    uintx GCDrainStackTargetSize                   = 64                                        {product} {ergonomic}
   size_t InitialHeapSize                          = 100663296                                 {product} {ergonomic}
     bool ManagementServer                         = true                                      {product} {command line}
   size_t MarkStackSize                            = 4194304                                   {product} {ergonomic}
   size_t MaxHeapSize                              = 1593835520                                {product} {ergonomic}
   size_t MinHeapDeltaBytes                        = 1048576                                   {product} {ergonomic}
    uintx NonNMethodCodeHeapSize                   = 6973028                                {pd product} {ergonomic}
    uintx NonProfiledCodeHeapSize                  = 244685212                              {pd product} {ergonomic}
    uintx ProfiledCodeHeapSize                     = 0                                      {pd product} {ergonomic}
    uintx ReservedCodeCacheSize                    = 251658240                              {pd product} {ergonomic}
     bool SegmentedCodeCache                       = true                                      {product} {ergonomic}
     intx TieredStopAtLevel                        = 1                                         {product} {command line}
     bool UseCompressedClassPointers               = true                                 {lp64_product} {ergonomic}
     bool UseCompressedOops                        = true                                 {lp64_product} {ergonomic}
     bool UseG1GC                                  = true                                      {product} {ergonomic}
     bool UseLargePagesIndividualAllocation        = false                                  {pd product} {ergonomic}

Logging:
Log output configuration:
 #0: stdout all=warning uptime,level,tags
 #1: stderr all=off uptime,level,tags

Environment Variables:
JAVA_HOME=C:\Program Files\Java\jdk1.8.0_251
PATH=C:\app\Gederson\product\21c\dbhomeXE\bin;C:\Program Files\Common Files\Oracle\Java\javapath;C:\Program Files (x86)\Common Files\Oracle\Java\javapath;C:\Program Files\Eclipse Adoptium\jdk-17.0.6.10-hotspot\bin;C:\ProgramData\Oracle\Java\javapath;C:\Python311\Scripts\;C:\Python311\;C:\WINDOWS\system32;C:\WINDOWS;C:\WINDOWS\System32\Wbem;C:\WINDOWS\System32\WindowsPowerShell\v1.0\;C:\WINDOWS\System32\OpenSSH\;C:\Program Files\nodejs\;C:\ProgramData\chocolatey\bin;C:\Program Files\Git\cmd;C:\Program Files\PostgreSQL\13\bin;;C:\Program Files\Docker\Docker\resources\bin;C:\Ruby31-x64\bin;C:\Users\Gederson\AppData\Local\Microsoft\WindowsApps;C:\Users\Gederson\AppData\Local\Programs\Microsoft VS Code\bin;C:\Users\Gederson\AppData\Roaming\npm;C:\Program Files\JetBrains\IntelliJ IDEA 2022.3.1\bin;;C:\Program Files\MongoDB\Server\6.0\bin;C:\Users\Gederson\AppData\Local\GitHubDesktop\bin;C:\src\sqlite-tools-win32-x86-3410200;C:\Program Files\PostgreSQL\14\bin;;C:\Program Files\JetBrains\RubyMine 2023.1\bin;;C:\Users\Gederson\.fly\bin
USERNAME=Gederson
OS=Windows_NT
PROCESSOR_IDENTIFIER=AMD64 Family 23 Model 17 Stepping 0, AuthenticAMD



---------------  S Y S T E M  ---------------

OS: Windows 10 , 64 bit Build 19041 (10.0.19041.2913)
Hyper-V role detected

CPU:total 4 (initial active 4) (4 cores per cpu, 2 threads per core) family 23 model 17 stepping 0 microcode 0x0, cmov, cx8, fxsr, mmx, sse, sse2, sse3, ssse3, sse4.1, sse4.2, popcnt, avx, avx2, aes, clmul, mmxext, 3dnowpref, lzcnt, sse4a, ht, tsc, tscinvbit, tscinv, bmi1, bmi2, adx, s

Memory: 4k page, system-wide physical 6072M (237M free)
TotalPageFile size 14435M (AvailPageFile size 35M)
current process WorkingSet (physical memory assigned to process): 10M, peak: 10M
current process commit charge ("private bytes"): 49M, peak: 145M

vm_info: Java HotSpot(TM) 64-Bit Server VM (11.0.17+10-LTS-269) for windows-amd64 JRE (11.0.17+10-LTS-269), built on Sep 13 2022 19:26:37 by "mach5one" with MS VC++ 15.9 (VS2017)

END.
